Using pre-set license
Built from '2020.3/staging' branch; Version is '2020.3.9f1 (108be757e447) revision 1084391'; Using compiler version '192528614'; Build Type 'Release'
OS: 'Windows 10 Pro; OS build 19042.1237; Version 2009; 64bit' Language: 'ko' Physical Memory: 16198 MB
BatchMode: 1, IsHumanControllingUs: 0, StartBugReporterOnCrash: 0, Is64bit: 1, IsPro: 0

 COMMAND LINE ARGUMENTS:
C:\Users\AI_LAB\Desktop\Unity\Game\2020.3.9f1\Editor\Unity.exe
-adb2
-batchMode
-noUpm
-name
AssetImportWorker0
-projectPath
C:/Users/AI_LAB/Desktop/Unity/Game/New Unity Project (1)
-logFile
Logs/AssetImportWorker0.log
-srvPort
57204
Successfully changed project path to: C:/Users/AI_LAB/Desktop/Unity/Game/New Unity Project (1)
C:/Users/AI_LAB/Desktop/Unity/Game/New Unity Project (1)
Using Asset Import Pipeline V2.
Refreshing native plugins compatible for Editor in 53.79 ms, found 0 plugins.
Preloading 0 native plugins for Editor in 0.00 ms.
Initialize engine version: 2020.3.9f1 (108be757e447)
[Subsystems] Discovering subsystems at path C:/Users/AI_LAB/Desktop/Unity/Game/2020.3.9f1/Editor/Data/Resources/UnitySubsystems
[Subsystems] Discovering subsystems at path C:/Users/AI_LAB/Desktop/Unity/Game/New Unity Project (1)/Assets
GfxDevice: creating device client; threaded=0
Direct3D:
    Version:  Direct3D 11.0 [level 11.1]
    Renderer: Intel(R) UHD Graphics 620 (ID=0x3ea0)
    Vendor:   
    VRAM:     8099 MB
    Driver:   27.20.100.9126
Initialize mono
Mono path[0] = 'C:/Users/AI_LAB/Desktop/Unity/Game/2020.3.9f1/Editor/Data/Managed'
Mono path[1] = 'C:/Users/AI_LAB/Desktop/Unity/Game/2020.3.9f1/Editor/Data/MonoBleedingEdge/lib/mono/unityjit'
Mono config path = 'C:/Users/AI_LAB/Desktop/Unity/Game/2020.3.9f1/Editor/Data/MonoBleedingEdge/etc'
Using monoOptions --debugger-agent=transport=dt_socket,embedding=1,server=y,suspend=n,address=127.0.0.1:56296
Begin MonoManager ReloadAssembly
Registering precompiled unity dll's ...
Register platform support module: C:/Users/AI_LAB/Desktop/Unity/Game/2020.3.9f1/Editor/Data/PlaybackEngines/WindowsStandaloneSupport/UnityEditor.WindowsStandalone.Extensions.dll
Registered in 0.005720 seconds.
Native extension for WindowsStandalone target not found
Refreshing native plugins compatible for Editor in 35.45 ms, found 0 plugins.
Preloading 0 native plugins for Editor in 0.00 ms.
Mono: successfully reloaded assembly
- Completed reload, in  3.059 seconds
Platform modules already initialized, skipping
Registering precompiled user dll's ...
Registered in 0.000724 seconds.
Begin MonoManager ReloadAssembly
Native extension for WindowsStandalone target not found
Refreshing native plugins compatible for Editor in 0.25 ms, found 0 plugins.
Preloading 0 native plugins for Editor in 0.00 ms.
Mono: successfully reloaded assembly
- Completed reload, in  0.944 seconds
Platform modules already initialized, skipping
========================================================================
Worker process is ready to serve import requests
Launched and connected shader compiler UnityShaderCompiler.exe after 0.04 seconds
Refreshing native plugins compatible for Editor in 0.22 ms, found 0 plugins.
Preloading 0 native plugins for Editor in 0.00 ms.
Unloading 1127 Unused Serialized files (Serialized files now loaded: 0)
System memory in use before: 64.1 MB.
System memory in use after: 63.9 MB.

Unloading 11 unused Assets to reduce memory usage. Loaded Objects now: 1581.
Total: 2.085500 ms (FindLiveObjects: 0.133000 ms CreateObjectMapping: 0.029300 ms MarkObjects: 1.637100 ms  DeleteObjects: 0.284800 ms)

========================================================================
Received Import Request.
  path: Assets/RCK 2.3/Scenes/Simple.unity
  artifactKey: Guid(7aadb93ad643ae648ba05d125a0e02b5) Importer(815301076,1909f56bfc062723c751e8b465ee728b)
Start importing Assets/RCK 2.3/Scenes/Simple.unity using Guid(7aadb93ad643ae648ba05d125a0e02b5) Importer(815301076,1909f56bfc062723c751e8b465ee728b)  -> (artifact id: '4f828a624ba01b56c11905dfb31a7153') in 0.011540 seconds
  Import took 0.013677 seconds .

========================================================================
Received Import Request.
  Time since last request: 0.000318 seconds.
  path: Assets/RCK 2.3/Pivot.png
  artifactKey: Guid(baa813e7806e8234db1321ac0cd75a2d) Importer(815301076,1909f56bfc062723c751e8b465ee728b)
Start importing Assets/RCK 2.3/Pivot.png using Guid(baa813e7806e8234db1321ac0cd75a2d) Importer(815301076,1909f56bfc062723c751e8b465ee728b)  -> (artifact id: 'e593837e92b3ad3a66de5796bcfa0ff0') in 0.042758 seconds
  Import took 0.044744 seconds .

========================================================================
Received Import Request.
  Time since last request: 0.000289 seconds.
  path: Assets/RCK 2.3/Scenes
  artifactKey: Guid(d3f61454f8b11194180a3803e5a7742f) Importer(815301076,1909f56bfc062723c751e8b465ee728b)
Start importing Assets/RCK 2.3/Scenes using Guid(d3f61454f8b11194180a3803e5a7742f) Importer(815301076,1909f56bfc062723c751e8b465ee728b)  -> (artifact id: 'e01dec61638f0cd4c472e8562908a68c') in 0.002130 seconds
  Import took 0.004224 seconds .

========================================================================
Received Import Request.
  Time since last request: 0.075182 seconds.
  path: Assets/RCK 2.3/Scenes/Simple.unity
  artifactKey: Guid(7aadb93ad643ae648ba05d125a0e02b5) Importer(815301076,1909f56bfc062723c751e8b465ee728b)
Start importing Assets/RCK 2.3/Scenes/Simple.unity using Guid(7aadb93ad643ae648ba05d125a0e02b5) Importer(815301076,1909f56bfc062723c751e8b465ee728b)  -> (artifact id: '4f828a624ba01b56c11905dfb31a7153') in 0.002336 seconds
  Import took 0.004284 seconds .

========================================================================
Received Prepare
Registering precompiled user dll's ...
Registered in 0.000648 seconds.
Begin MonoManager ReloadAssembly
Native extension for WindowsStandalone target not found
Refreshing native plugins compatible for Editor in 0.22 ms, found 0 plugins.
Preloading 0 native plugins for Editor in 0.00 ms.
Mono: successfully reloaded assembly
- Completed reload, in  0.812 seconds
Platform modules already initialized, skipping
Refreshing native plugins compatible for Editor in 0.22 ms, found 0 plugins.
Preloading 0 native plugins for Editor in 0.00 ms.
Unloading 1118 Unused Serialized files (Serialized files now loaded: 0)
System memory in use before: 63.6 MB.
System memory in use after: 63.5 MB.

Unloading 6 unused Assets to reduce memory usage. Loaded Objects now: 1586.
Total: 1.649200 ms (FindLiveObjects: 0.117900 ms CreateObjectMapping: 0.033200 ms MarkObjects: 1.299900 ms  DeleteObjects: 0.197300 ms)

========================================================================
Received Prepare
Registering precompiled user dll's ...
Registered in 0.001460 seconds.
Begin MonoManager ReloadAssembly
Native extension for WindowsStandalone target not found
Refreshing native plugins compatible for Editor in 0.31 ms, found 5 plugins.
Preloading 0 native plugins for Editor in 0.00 ms.
Mono: successfully reloaded assembly
- Completed reload, in  0.791 seconds
Platform modules already initialized, skipping
Refreshing native plugins compatible for Editor in 0.37 ms, found 5 plugins.
Preloading 0 native plugins for Editor in 0.00 ms.
Unloading 1129 Unused Serialized files (Serialized files now loaded: 0)
System memory in use before: 64.0 MB.
System memory in use after: 63.9 MB.

Unloading 11 unused Assets to reduce memory usage. Loaded Objects now: 1595.
Total: 1.858900 ms (FindLiveObjects: 0.116100 ms CreateObjectMapping: 0.029000 ms MarkObjects: 1.502900 ms  DeleteObjects: 0.209700 ms)

========================================================================
Received Import Request.
  Time since last request: 115.693698 seconds.
  path: Assets/Logitech SDK/SDK Documentation
  artifactKey: Guid(ad83c1a998fc404478f9c84987ae21cb) Importer(815301076,1909f56bfc062723c751e8b465ee728b)
Start importing Assets/Logitech SDK/SDK Documentation using Guid(ad83c1a998fc404478f9c84987ae21cb) Importer(815301076,1909f56bfc062723c751e8b465ee728b)  -> (artifact id: '684da968d59ec2f63365215d6b59db0e') in 0.003728 seconds
  Import took 0.005601 seconds .

========================================================================
Received Import Request.
  Time since last request: 0.004282 seconds.
  path: Assets/Logitech SDK/SDK Documentation
  artifactKey: Guid(ad83c1a998fc404478f9c84987ae21cb) Importer(815301076,1909f56bfc062723c751e8b465ee728b)
Start importing Assets/Logitech SDK/SDK Documentation using Guid(ad83c1a998fc404478f9c84987ae21cb) Importer(815301076,1909f56bfc062723c751e8b465ee728b)  -> (artifact id: '684da968d59ec2f63365215d6b59db0e') in 0.001957 seconds
  Import took 0.004036 seconds .

========================================================================
Received Import Request.
  Time since last request: 1.667622 seconds.
  path: Assets/Logitech SDK/Script Sample
  artifactKey: Guid(84dd1a2b8e54e3b4599361e71d1dab5f) Importer(815301076,1909f56bfc062723c751e8b465ee728b)
Start importing Assets/Logitech SDK/Script Sample using Guid(84dd1a2b8e54e3b4599361e71d1dab5f) Importer(815301076,1909f56bfc062723c751e8b465ee728b)  -> (artifact id: '7e8968ad668910ebfc3fb4326e6716ad') in 0.001912 seconds
  Import took 0.004029 seconds .

========================================================================
Received Import Request.
  Time since last request: 3.231797 seconds.
  path: Assets/Logitech SDK/Script Sample/LogitechSteeringWheel.cs
  artifactKey: Guid(3047a8618a80261439a21993d26653a8) Importer(815301076,1909f56bfc062723c751e8b465ee728b)
Start importing Assets/Logitech SDK/Script Sample/LogitechSteeringWheel.cs using Guid(3047a8618a80261439a21993d26653a8) Importer(815301076,1909f56bfc062723c751e8b465ee728b)  -> (artifact id: '5da98fd4b395547c89e6851cff009717') in 0.003914 seconds
  Import took 0.005683 seconds .

========================================================================
Received Import Request.
  Time since last request: 0.001297 seconds.
  path: Assets/Logitech SDK/Script Sample/LogitechSteeringWheel.cs
  artifactKey: Guid(3047a8618a80261439a21993d26653a8) Importer(815301076,1909f56bfc062723c751e8b465ee728b)
Start importing Assets/Logitech SDK/Script Sample/LogitechSteeringWheel.cs using Guid(3047a8618a80261439a21993d26653a8) Importer(815301076,1909f56bfc062723c751e8b465ee728b)  -> (artifact id: '5da98fd4b395547c89e6851cff009717') in 0.001785 seconds
  Import took 0.003536 seconds .

========================================================================
Received Import Request.
  Time since last request: 2.573670 seconds.
  path: Assets/Logitech SDK/Script Sample/LogitechLed.cs
  artifactKey: Guid(3f84b148a2dad454bac85fb4289feca4) Importer(815301076,1909f56bfc062723c751e8b465ee728b)
Start importing Assets/Logitech SDK/Script Sample/LogitechLed.cs using Guid(3f84b148a2dad454bac85fb4289feca4) Importer(815301076,1909f56bfc062723c751e8b465ee728b)  -> (artifact id: '49f84136e82995a3027e9f61aaa1676e') in 0.001666 seconds
  Import took 0.003796 seconds .

========================================================================
Received Import Request.
  Time since last request: 0.001054 seconds.
  path: Assets/Logitech SDK/Script Sample/LogitechLed.cs
  artifactKey: Guid(3f84b148a2dad454bac85fb4289feca4) Importer(815301076,1909f56bfc062723c751e8b465ee728b)
Start importing Assets/Logitech SDK/Script Sample/LogitechLed.cs using Guid(3f84b148a2dad454bac85fb4289feca4) Importer(815301076,1909f56bfc062723c751e8b465ee728b)  -> (artifact id: '49f84136e82995a3027e9f61aaa1676e') in 0.002190 seconds
  Import took 0.004592 seconds .

========================================================================
Received Prepare
Registering precompiled user dll's ...
Registered in 0.001692 seconds.
Begin MonoManager ReloadAssembly
Native extension for WindowsStandalone target not found
Refreshing native plugins compatible for Editor in 0.32 ms, found 5 plugins.
Preloading 0 native plugins for Editor in 0.00 ms.
Mono: successfully reloaded assembly
- Completed reload, in  0.760 seconds
Platform modules already initialized, skipping
Refreshing native plugins compatible for Editor in 0.31 ms, found 5 plugins.
Preloading 0 native plugins for Editor in 0.00 ms.
Unloading 1129 Unused Serialized files (Serialized files now loaded: 0)
System memory in use before: 64.0 MB.
System memory in use after: 63.9 MB.

Unloading 11 unused Assets to reduce memory usage. Loaded Objects now: 1598.
Total: 1.733800 ms (FindLiveObjects: 0.130600 ms CreateObjectMapping: 0.029000 ms MarkObjects: 1.364800 ms  DeleteObjects: 0.208600 ms)

========================================================================
Received Prepare
Registering precompiled user dll's ...
Registered in 0.001412 seconds.
Begin MonoManager ReloadAssembly
Native extension for WindowsStandalone target not found
Refreshing native plugins compatible for Editor in 0.28 ms, found 5 plugins.
Preloading 0 native plugins for Editor in 0.00 ms.
Mono: successfully reloaded assembly
- Completed reload, in  0.767 seconds
Platform modules already initialized, skipping
Refreshing native plugins compatible for Editor in 0.34 ms, found 5 plugins.
Preloading 0 native plugins for Editor in 0.00 ms.
Unloading 1129 Unused Serialized files (Serialized files now loaded: 0)
System memory in use before: 64.0 MB.
System memory in use after: 63.9 MB.

Unloading 11 unused Assets to reduce memory usage. Loaded Objects now: 1601.
Total: 1.852700 ms (FindLiveObjects: 0.114600 ms CreateObjectMapping: 0.031100 ms MarkObjects: 1.433800 ms  DeleteObjects: 0.272300 ms)

========================================================================
Received Prepare
Registering precompiled user dll's ...
Registered in 0.001766 seconds.
Begin MonoManager ReloadAssembly
Native extension for WindowsStandalone target not found
Refreshing native plugins compatible for Editor in 0.47 ms, found 5 plugins.
Preloading 0 native plugins for Editor in 0.00 ms.
Mono: successfully reloaded assembly
- Completed reload, in  1.473 seconds
Platform modules already initialized, skipping
Refreshing native plugins compatible for Editor in 0.36 ms, found 5 plugins.
Preloading 0 native plugins for Editor in 0.00 ms.
Unloading 1129 Unused Serialized files (Serialized files now loaded: 0)
System memory in use before: 64.0 MB.
System memory in use after: 63.9 MB.

Unloading 11 unused Assets to reduce memory usage. Loaded Objects now: 1604.
Total: 2.290200 ms (FindLiveObjects: 0.157700 ms CreateObjectMapping: 0.037900 ms MarkObjects: 1.830400 ms  DeleteObjects: 0.262800 ms)

========================================================================
Received Prepare
Registering precompiled user dll's ...
Registered in 0.002205 seconds.
Begin MonoManager ReloadAssembly
Native extension for WindowsStandalone target not found
Refreshing native plugins compatible for Editor in 0.31 ms, found 5 plugins.
Preloading 0 native plugins for Editor in 0.00 ms.
Mono: successfully reloaded assembly
- Completed reload, in  0.847 seconds
Platform modules already initialized, skipping
Refreshing native plugins compatible for Editor in 0.31 ms, found 5 plugins.
Preloading 0 native plugins for Editor in 0.00 ms.
Unloading 1129 Unused Serialized files (Serialized files now loaded: 0)
System memory in use before: 64.0 MB.
System memory in use after: 63.9 MB.

Unloading 11 unused Assets to reduce memory usage. Loaded Objects now: 1607.
Total: 1.755000 ms (FindLiveObjects: 0.106500 ms CreateObjectMapping: 0.025800 ms MarkObjects: 1.382100 ms  DeleteObjects: 0.239700 ms)

========================================================================
Received Prepare
Registering precompiled user dll's ...
Registered in 0.001495 seconds.
Begin MonoManager ReloadAssembly
Native extension for WindowsStandalone target not found
Refreshing native plugins compatible for Editor in 0.62 ms, found 5 plugins.
Preloading 0 native plugins for Editor in 0.00 ms.
Mono: successfully reloaded assembly
- Completed reload, in  1.134 seconds
Platform modules already initialized, skipping
Refreshing native plugins compatible for Editor in 0.37 ms, found 5 plugins.
Preloading 0 native plugins for Editor in 0.00 ms.
Unloading 1129 Unused Serialized files (Serialized files now loaded: 0)
System memory in use before: 64.0 MB.
System memory in use after: 63.9 MB.

Unloading 11 unused Assets to reduce memory usage. Loaded Objects now: 1610.
Total: 2.245800 ms (FindLiveObjects: 0.147300 ms CreateObjectMapping: 0.050300 ms MarkObjects: 1.740300 ms  DeleteObjects: 0.306600 ms)

========================================================================
Received Prepare
Registering precompiled user dll's ...
Registered in 0.001946 seconds.
Begin MonoManager ReloadAssembly
Native extension for WindowsStandalone target not found
Refreshing native plugins compatible for Editor in 0.29 ms, found 5 plugins.
Preloading 0 native plugins for Editor in 0.00 ms.
Mono: successfully reloaded assembly
- Completed reload, in  0.798 seconds
Platform modules already initialized, skipping
Refreshing native plugins compatible for Editor in 0.39 ms, found 5 plugins.
Preloading 0 native plugins for Editor in 0.00 ms.
Unloading 1129 Unused Serialized files (Serialized files now loaded: 0)
System memory in use before: 64.0 MB.
System memory in use after: 63.9 MB.

Unloading 11 unused Assets to reduce memory usage. Loaded Objects now: 1613.
Total: 2.368600 ms (FindLiveObjects: 0.131100 ms CreateObjectMapping: 0.027600 ms MarkObjects: 1.900000 ms  DeleteObjects: 0.308500 ms)

========================================================================
Received Prepare
Registering precompiled user dll's ...
Registered in 0.001714 seconds.
Begin MonoManager ReloadAssembly
Native extension for WindowsStandalone target not found
Refreshing native plugins compatible for Editor in 0.33 ms, found 5 plugins.
Preloading 0 native plugins for Editor in 0.00 ms.
Mono: successfully reloaded assembly
- Completed reload, in  0.837 seconds
Platform modules already initialized, skipping
Refreshing native plugins compatible for Editor in 0.30 ms, found 5 plugins.
Preloading 0 native plugins for Editor in 0.00 ms.
Unloading 1129 Unused Serialized files (Serialized files now loaded: 0)
System memory in use before: 64.1 MB.
System memory in use after: 63.9 MB.

Unloading 11 unused Assets to reduce memory usage. Loaded Objects now: 1616.
Total: 3.020200 ms (FindLiveObjects: 0.191900 ms CreateObjectMapping: 0.051700 ms MarkObjects: 2.450000 ms  DeleteObjects: 0.325100 ms)

========================================================================
Received Prepare
Registering precompiled user dll's ...
Registered in 0.001509 seconds.
Begin MonoManager ReloadAssembly
Native extension for WindowsStandalone target not found
Refreshing native plugins compatible for Editor in 0.39 ms, found 5 plugins.
Preloading 0 native plugins for Editor in 0.00 ms.
Mono: successfully reloaded assembly
- Completed reload, in  0.774 seconds
Platform modules already initialized, skipping
Refreshing native plugins compatible for Editor in 0.30 ms, found 5 plugins.
Preloading 0 native plugins for Editor in 0.00 ms.
Unloading 1129 Unused Serialized files (Serialized files now loaded: 0)
System memory in use before: 64.1 MB.
System memory in use after: 63.9 MB.

Unloading 11 unused Assets to reduce memory usage. Loaded Objects now: 1619.
Total: 2.635300 ms (FindLiveObjects: 0.118900 ms CreateObjectMapping: 0.028800 ms MarkObjects: 2.156900 ms  DeleteObjects: 0.328700 ms)

========================================================================
Received Prepare
Registering precompiled user dll's ...
Registered in 0.001690 seconds.
Begin MonoManager ReloadAssembly
Native extension for WindowsStandalone target not found
Refreshing native plugins compatible for Editor in 0.63 ms, found 5 plugins.
Preloading 0 native plugins for Editor in 0.00 ms.
Mono: successfully reloaded assembly
- Completed reload, in  1.006 seconds
Platform modules already initialized, skipping
Refreshing native plugins compatible for Editor in 0.31 ms, found 5 plugins.
Preloading 0 native plugins for Editor in 0.00 ms.
Unloading 1129 Unused Serialized files (Serialized files now loaded: 0)
System memory in use before: 64.1 MB.
System memory in use after: 63.9 MB.

Unloading 11 unused Assets to reduce memory usage. Loaded Objects now: 1622.
Total: 2.337100 ms (FindLiveObjects: 0.174500 ms CreateObjectMapping: 0.043900 ms MarkObjects: 1.853200 ms  DeleteObjects: 0.263800 ms)

========================================================================
Received Prepare
Registering precompiled user dll's ...
Registered in 0.001360 seconds.
Begin MonoManager ReloadAssembly
Native extension for WindowsStandalone target not found
Refreshing native plugins compatible for Editor in 0.29 ms, found 5 plugins.
Preloading 0 native plugins for Editor in 0.00 ms.
Mono: successfully reloaded assembly
- Completed reload, in  0.870 seconds
Platform modules already initialized, skipping
Refreshing native plugins compatible for Editor in 0.28 ms, found 5 plugins.
Preloading 0 native plugins for Editor in 0.00 ms.
Unloading 1129 Unused Serialized files (Serialized files now loaded: 0)
System memory in use before: 64.1 MB.
System memory in use after: 63.9 MB.

Unloading 11 unused Assets to reduce memory usage. Loaded Objects now: 1625.
Total: 1.786400 ms (FindLiveObjects: 0.133000 ms CreateObjectMapping: 0.032800 ms MarkObjects: 1.394800 ms  DeleteObjects: 0.224600 ms)

========================================================================
Received Prepare
Registering precompiled user dll's ...
Registered in 0.002019 seconds.
Begin MonoManager ReloadAssembly
Native extension for WindowsStandalone target not found
Refreshing native plugins compatible for Editor in 0.35 ms, found 5 plugins.
Preloading 0 native plugins for Editor in 0.00 ms.
Mono: successfully reloaded assembly
- Completed reload, in  1.033 seconds
Platform modules already initialized, skipping
Refreshing native plugins compatible for Editor in 0.30 ms, found 5 plugins.
Preloading 0 native plugins for Editor in 0.00 ms.
Unloading 1129 Unused Serialized files (Serialized files now loaded: 0)
System memory in use before: 64.1 MB.
System memory in use after: 63.9 MB.

Unloading 11 unused Assets to reduce memory usage. Loaded Objects now: 1628.
Total: 1.735700 ms (FindLiveObjects: 0.134600 ms CreateObjectMapping: 0.037500 ms MarkObjects: 1.343500 ms  DeleteObjects: 0.219000 ms)

========================================================================
Received Prepare
Registering precompiled user dll's ...
Registered in 0.001427 seconds.
Begin MonoManager ReloadAssembly
Native extension for WindowsStandalone target not found
Refreshing native plugins compatible for Editor in 0.34 ms, found 5 plugins.
Preloading 0 native plugins for Editor in 0.00 ms.
Mono: successfully reloaded assembly
- Completed reload, in  0.846 seconds
Platform modules already initialized, skipping
Refreshing native plugins compatible for Editor in 0.43 ms, found 5 plugins.
Preloading 0 native plugins for Editor in 0.00 ms.
Unloading 1129 Unused Serialized files (Serialized files now loaded: 0)
System memory in use before: 64.1 MB.
System memory in use after: 63.9 MB.

Unloading 11 unused Assets to reduce memory usage. Loaded Objects now: 1631.
Total: 1.786900 ms (FindLiveObjects: 0.132300 ms CreateObjectMapping: 0.052600 ms MarkObjects: 1.372300 ms  DeleteObjects: 0.228700 ms)

========================================================================
Received Prepare
Registering precompiled user dll's ...
Registered in 0.001379 seconds.
Begin MonoManager ReloadAssembly
Native extension for WindowsStandalone target not found
Refreshing native plugins compatible for Editor in 0.32 ms, found 5 plugins.
Preloading 0 native plugins for Editor in 0.00 ms.
Mono: successfully reloaded assembly
- Completed reload, in  0.986 seconds
Platform modules already initialized, skipping
Refreshing native plugins compatible for Editor in 0.35 ms, found 5 plugins.
Preloading 0 native plugins for Editor in 0.00 ms.
Unloading 1129 Unused Serialized files (Serialized files now loaded: 0)
System memory in use before: 64.1 MB.
System memory in use after: 64.0 MB.

Unloading 11 unused Assets to reduce memory usage. Loaded Objects now: 1634.
Total: 1.822100 ms (FindLiveObjects: 0.144900 ms CreateObjectMapping: 0.039400 ms MarkObjects: 1.409600 ms  DeleteObjects: 0.227200 ms)

========================================================================
Received Prepare
Registering precompiled user dll's ...
Registered in 0.001518 seconds.
Begin MonoManager ReloadAssembly
Native extension for WindowsStandalone target not found
Refreshing native plugins compatible for Editor in 0.31 ms, found 5 plugins.
Preloading 0 native plugins for Editor in 0.00 ms.
Mono: successfully reloaded assembly
- Completed reload, in  0.909 seconds
Platform modules already initialized, skipping
Refreshing native plugins compatible for Editor in 0.49 ms, found 5 plugins.
Preloading 0 native plugins for Editor in 0.00 ms.
Unloading 1129 Unused Serialized files (Serialized files now loaded: 0)
System memory in use before: 64.1 MB.
System memory in use after: 64.0 MB.

Unloading 11 unused Assets to reduce memory usage. Loaded Objects now: 1637.
Total: 1.937500 ms (FindLiveObjects: 0.133500 ms CreateObjectMapping: 0.032000 ms MarkObjects: 1.543100 ms  DeleteObjects: 0.228000 ms)

========================================================================
Received Prepare
Registering precompiled user dll's ...
Registered in 0.002263 seconds.
Begin MonoManager ReloadAssembly
Native extension for WindowsStandalone target not found
Refreshing native plugins compatible for Editor in 0.47 ms, found 5 plugins.
Preloading 0 native plugins for Editor in 0.00 ms.
Mono: successfully reloaded assembly
- Completed reload, in  1.578 seconds
Platform modules already initialized, skipping
Refreshing native plugins compatible for Editor in 0.75 ms, found 5 plugins.
Preloading 0 native plugins for Editor in 0.00 ms.
Unloading 1129 Unused Serialized files (Serialized files now loaded: 0)
System memory in use before: 64.1 MB.
System memory in use after: 64.0 MB.

Unloading 11 unused Assets to reduce memory usage. Loaded Objects now: 1640.
Total: 3.017900 ms (FindLiveObjects: 0.176000 ms CreateObjectMapping: 0.049200 ms MarkObjects: 2.484400 ms  DeleteObjects: 0.307100 ms)

AssetImportWorkerClient::OnTransportError - code=2 error=End of file
